
  ___  ____  ____  ____  ____ (R)
 /__    /   ____/   /   ____/
___/   /   /___/   /   /___/   15.1   Copyright 1985-2017 StataCorp LLC
  Statistics/Data Analysis            StataCorp
                                      4905 Lakeway Drive
     Special Edition                  College Station, Texas 77845 USA
                                      800-STATA-PC        http://www.stata.com
                                      979-696-4600        stata@stata.com
                                      979-696-4601 (fax)

110-user Stata network perpetual license:
       Serial number:  401506201178
         Licensed to:  Brown University
                       Brown University

Notes:
      1.  Stata is running in batch mode.
      2.  Unicode is supported; see help unicode_advice.
      3.  Maximum number of variables is set to 5000; see help set_maxvar.

. do "example.do" 

. version 15

. adopath + ../../ado
  [1]  (BASE)      "/Applications/Stata/ado/base/"
  [2]  (SITE)      "/Applications/ado/"
  [3]              "."
  [4]  (PERSONAL)  "/Users/ryankessler/Library/Application Support/Stata/ado/pe
> rsonal/"
  [5]  (PLUS)      "/Users/ryankessler/Library/Application Support/Stata/ado/pl
> us/"
  [6]  (OLDPLACE)  "~/ado/"
  [7]              "../../ado"

. 
. program main
  1.     auto_example
  2. end

. 
. program auto_example 
  1.     sysuse auto, clear 
  2. 
.     clonevar by_group = rep78
  3.     replace by_group = 2 if missing(by_group)
  4. 
.     leave_one_out_median mpg, gen(mpg_loom)
  5.     leave_one_out_median mpg, by(by_group) gen(mpg_loom_by_group)
  6. 
.     sum mpg_loom*
  7. end

. 
. * EXECUTE
. main
(1978 Automobile Data)
(5 missing values generated)
(5 real changes made)

    Variable |        Obs        Mean    Std. Dev.       Min        Max
-------------+---------------------------------------------------------
    mpg_loom |         74          20           0         20         20
mpg_loom_b~p |         74    21.47297    3.546069         18       30.5

. 
end of do-file
